<?xml version="1.0" encoding="UTF-8"?>
<testsuite xmlns:xsi="http://www.w3.org/2001/XMLSchema-instance" xsi:noNamespaceSchemaLocation="https://maven.apache.org/surefire/maven-surefire-plugin/xsd/surefire-test-report.xsd" name="com.example.coindesk.controller.CoindeskControllerTest" time="0.014" tests="2" errors="2" skipped="0" failures="0">
  <properties>
[...]
</properties>
  <testcase name="testGetTransformedData" classname="com.example.coindesk.controller.CoindeskControllerTest$TransformedDataTests" time="0.003">
    <error message="could not execute statement; SQL [n/a]; constraint [&quot;PUBLIC.CONSTRAINT_INDEX_5 ON PUBLIC.CURRENCY(CODE NULLS FIRST) VALUES ( /* 1 */ &apos;USD&apos; )&quot;; SQL statement:&#10;insert into currency (id, chinese_name, code) values (default, ?, ?) [23505-214]]; nested exception is org.hibernate.exception.ConstraintViolationException: could not execute statement" type="org.springframework.dao.DataIntegrityViolationException">org.springframework.dao.DataIntegrityViolationException: 
could not execute statement; SQL [n/a]; constraint ["PUBLIC.CONSTRAINT_INDEX_5 ON PUBLIC.CURRENCY(CODE NULLS FIRST) VALUES ( /* 1 */ 'USD' )"; SQL statement:
insert into currency (id, chinese_name, code) values (default, ?, ?) [23505-214]]; nested exception is org.hibernate.exception.ConstraintViolationException: could not execute statement
Caused by: org.hibernate.exception.ConstraintViolationException: could not execute statement
Caused by: org.h2.jdbc.JdbcSQLIntegrityConstraintViolationException: 
Unique index or primary key violation: "PUBLIC.CONSTRAINT_INDEX_5 ON PUBLIC.CURRENCY(CODE NULLS FIRST) VALUES ( /* 1 */ 'USD' )"; SQL statement:
insert into currency (id, chinese_name, code) values (default, ?, ?) [23505-214]
</error>
    <system-out><![CDATA[2025-04-17 17:35:45.950  INFO 12439 --- [           main] .b.t.c.SpringBootTestContextBootstrapper : Neither @ContextConfiguration nor @ContextHierarchy found for test class [com.example.coindesk.controller.CoindeskControllerTest], using SpringBootContextLoader
2025-04-17 17:35:45.950  INFO 12439 --- [           main] o.s.t.c.support.AbstractContextLoader    : Could not detect default resource locations for test class [com.example.coindesk.controller.CoindeskControllerTest]: no resource found for suffixes {-context.xml, Context.groovy}.
2025-04-17 17:35:45.950  INFO 12439 --- [           main] t.c.s.AnnotationConfigContextLoaderUtils : Could not detect default configuration classes for test class [com.example.coindesk.controller.CoindeskControllerTest]: CoindeskControllerTest does not declare any static, non-private, non-final, nested classes annotated with @Configuration.
2025-04-17 17:35:45.951  INFO 12439 --- [           main] .b.t.c.SpringBootTestContextBootstrapper : Found @SpringBootConfiguration com.example.coindesk.CoindeskApplication for test class com.example.coindesk.controller.CoindeskControllerTest
2025-04-17 17:35:45.952  INFO 12439 --- [           main] .b.t.c.SpringBootTestContextBootstrapper : Loaded default TestExecutionListener class names from location [META-INF/spring.factories]: [org.springframework.boot.test.mock.mockito.MockitoTestExecutionListener, org.springframework.boot.test.mock.mockito.ResetMocksTestExecutionListener, org.springframework.boot.test.autoconfigure.restdocs.RestDocsTestExecutionListener, org.springframework.boot.test.autoconfigure.web.client.MockRestServiceServerResetTestExecutionListener, org.springframework.boot.test.autoconfigure.web.servlet.MockMvcPrintOnlyOnFailureTestExecutionListener, org.springframework.boot.test.autoconfigure.web.servlet.WebDriverTestExecutionListener, org.springframework.boot.test.autoconfigure.webservices.client.MockWebServiceServerTestExecutionListener, org.springframework.test.context.web.ServletTestExecutionListener, org.springframework.test.context.support.DirtiesContextBeforeModesTestExecutionListener, org.springframework.test.context.event.ApplicationEventsTestExecutionListener, org.springframework.test.context.support.DependencyInjectionTestExecutionListener, org.springframework.test.context.support.DirtiesContextTestExecutionListener, org.springframework.test.context.transaction.TransactionalTestExecutionListener, org.springframework.test.context.jdbc.SqlScriptsTestExecutionListener, org.springframework.test.context.event.EventPublishingTestExecutionListener]
2025-04-17 17:35:45.953  INFO 12439 --- [           main] .b.t.c.SpringBootTestContextBootstrapper : Using TestExecutionListeners: [org.springframework.test.context.web.ServletTestExecutionListener@6aa85fcf, org.springframework.test.context.support.DirtiesContextBeforeModesTestExecutionListener@4c90fc3b, org.springframework.test.context.event.ApplicationEventsTestExecutionListener@1e14ed59, org.springframework.boot.test.mock.mockito.MockitoTestExecutionListener@5dfb078, org.springframework.boot.test.autoconfigure.SpringBootDependencyInjectionTestExecutionListener@2d21d12b, org.springframework.test.context.support.DirtiesContextTestExecutionListener@669b8190, org.springframework.test.context.transaction.TransactionalTestExecutionListener@5fdcc63f, org.springframework.test.context.jdbc.SqlScriptsTestExecutionListener@27f8f1cc, org.springframework.test.context.event.EventPublishingTestExecutionListener@473c491, org.springframework.boot.test.mock.mockito.ResetMocksTestExecutionListener@3ede428e, org.springframework.boot.test.autoconfigure.restdocs.RestDocsTestExecutionListener@70a8654, org.springframework.boot.test.autoconfigure.web.client.MockRestServiceServerResetTestExecutionListener@671c71e8, org.springframework.boot.test.autoconfigure.web.servlet.MockMvcPrintOnlyOnFailureTestExecutionListener@7d5176d6, org.springframework.boot.test.autoconfigure.web.servlet.WebDriverTestExecutionListener@31d791c0, org.springframework.boot.test.autoconfigure.webservices.client.MockWebServiceServerTestExecutionListener@623c9988]
2025-04-17 17:35:45.953  INFO 12439 --- [           main] .b.t.c.SpringBootTestContextBootstrapper : Neither @ContextConfiguration nor @ContextHierarchy found for test class [com.example.coindesk.controller.CoindeskControllerTest$TransformedDataTests], using SpringBootContextLoader
2025-04-17 17:35:45.954  INFO 12439 --- [           main] o.s.t.c.support.AbstractContextLoader    : Could not detect default resource locations for test class [com.example.coindesk.controller.CoindeskControllerTest$TransformedDataTests]: no resource found for suffixes {-context.xml, Context.groovy}.
2025-04-17 17:35:45.954  INFO 12439 --- [           main] t.c.s.AnnotationConfigContextLoaderUtils : Could not detect default configuration classes for test class [com.example.coindesk.controller.CoindeskControllerTest$TransformedDataTests]: TransformedDataTests does not declare any static, non-private, non-final, nested classes annotated with @Configuration.
2025-04-17 17:35:45.956  INFO 12439 --- [           main] .b.t.c.SpringBootTestContextBootstrapper : Found @SpringBootConfiguration com.example.coindesk.CoindeskApplication for test class com.example.coindesk.controller.CoindeskControllerTest$TransformedDataTests
2025-04-17 17:35:45.957  INFO 12439 --- [           main] .b.t.c.SpringBootTestContextBootstrapper : Loaded default TestExecutionListener class names from location [META-INF/spring.factories]: [org.springframework.boot.test.mock.mockito.MockitoTestExecutionListener, org.springframework.boot.test.mock.mockito.ResetMocksTestExecutionListener, org.springframework.boot.test.autoconfigure.restdocs.RestDocsTestExecutionListener, org.springframework.boot.test.autoconfigure.web.client.MockRestServiceServerResetTestExecutionListener, org.springframework.boot.test.autoconfigure.web.servlet.MockMvcPrintOnlyOnFailureTestExecutionListener, org.springframework.boot.test.autoconfigure.web.servlet.WebDriverTestExecutionListener, org.springframework.boot.test.autoconfigure.webservices.client.MockWebServiceServerTestExecutionListener, org.springframework.test.context.web.ServletTestExecutionListener, org.springframework.test.context.support.DirtiesContextBeforeModesTestExecutionListener, org.springframework.test.context.event.ApplicationEventsTestExecutionListener, org.springframework.test.context.support.DependencyInjectionTestExecutionListener, org.springframework.test.context.support.DirtiesContextTestExecutionListener, org.springframework.test.context.transaction.TransactionalTestExecutionListener, org.springframework.test.context.jdbc.SqlScriptsTestExecutionListener, org.springframework.test.context.event.EventPublishingTestExecutionListener]
2025-04-17 17:35:45.957  INFO 12439 --- [           main] .b.t.c.SpringBootTestContextBootstrapper : Using TestExecutionListeners: [org.springframework.test.context.web.ServletTestExecutionListener@530ee11a, org.springframework.test.context.support.DirtiesContextBeforeModesTestExecutionListener@54d116d5, org.springframework.test.context.event.ApplicationEventsTestExecutionListener@7057d9f4, org.springframework.boot.test.mock.mockito.MockitoTestExecutionListener@37c49a55, org.springframework.boot.test.autoconfigure.SpringBootDependencyInjectionTestExecutionListener@13e6ab86, org.springframework.test.context.support.DirtiesContextTestExecutionListener@4f5d7091, org.springframework.test.context.transaction.TransactionalTestExecutionListener@18b88f7, org.springframework.test.context.jdbc.SqlScriptsTestExecutionListener@128ebca1, org.springframework.test.context.event.EventPublishingTestExecutionListener@34128fed, org.springframework.boot.test.mock.mockito.ResetMocksTestExecutionListener@10efb806, org.springframework.boot.test.autoconfigure.restdocs.RestDocsTestExecutionListener@4dfe56dc, org.springframework.boot.test.autoconfigure.web.client.MockRestServiceServerResetTestExecutionListener@2a728076, org.springframework.boot.test.autoconfigure.web.servlet.MockMvcPrintOnlyOnFailureTestExecutionListener@a3f1f32, org.springframework.boot.test.autoconfigure.web.servlet.WebDriverTestExecutionListener@67fda9fb, org.springframework.boot.test.autoconfigure.webservices.client.MockWebServiceServerTestExecutionListener@580a5b6e]
2025-04-17 17:35:45.959  INFO 12439 --- [           main] o.s.t.c.transaction.TransactionContext   : Began transaction (1) for test context [DefaultTestContext@1ec98548 testClass = CoindeskControllerTest.TransformedDataTests, testInstance = com.example.coindesk.controller.CoindeskControllerTest$TransformedDataTests@14927cd4, testMethod = testGetTransformedData@CoindeskControllerTest.TransformedDataTests, testException = [null], mergedContextConfiguration = [WebMergedContextConfiguration@5a106b26 testClass = CoindeskControllerTest.TransformedDataTests, locations = '{}', classes = '{class com.example.coindesk.CoindeskApplication}', contextInitializerClasses = '[]', activeProfiles = '{}', propertySourceLocations = '{}', propertySourceProperties = '{org.springframework.boot.test.context.SpringBootTestContextBootstrapper=true}', contextCustomizers = set[[ImportsContextCustomizer@445d878c key = [org.springframework.boot.test.autoconfigure.web.servlet.MockMvcWebDriverAutoConfiguration, org.springframework.boot.test.autoconfigure.web.servlet.MockMvcAutoConfiguration, org.springframework.boot.autoconfigure.security.oauth2.client.servlet.OAuth2ClientAutoConfiguration, org.springframework.boot.autoconfigure.security.servlet.SecurityAutoConfiguration, org.springframework.boot.autoconfigure.security.servlet.SecurityFilterAutoConfiguration, org.springframework.boot.autoconfigure.security.servlet.UserDetailsServiceAutoConfiguration, org.springframework.boot.autoconfigure.security.oauth2.resource.servlet.OAuth2ResourceServerAutoConfiguration, org.springframework.boot.test.autoconfigure.web.servlet.MockMvcSecurityConfiguration, org.springframework.boot.test.autoconfigure.web.servlet.MockMvcWebClientAutoConfiguration, org.springframework.boot.test.autoconfigure.web.reactive.WebTestClientAutoConfiguration]], org.springframework.boot.test.context.filter.ExcludeFilterContextCustomizer@6986852, org.springframework.boot.test.json.DuplicateJsonObjectContextCustomizerFactory$DuplicateJsonObjectContextCustomizer@6c61a903, org.springframework.boot.test.mock.mockito.MockitoContextCustomizer@0, org.springframework.boot.test.web.client.TestRestTemplateContextCustomizer@5b3f61ff, org.springframework.boot.test.autoconfigure.actuate.metrics.MetricsExportContextCustomizerFactory$DisableMetricExportContextCustomizer@46271dd6, org.springframework.boot.test.autoconfigure.properties.PropertyMappingContextCustomizer@4b3fa0b3, org.springframework.boot.test.autoconfigure.web.servlet.WebDriverContextCustomizerFactory$Customizer@6cdba6dc, org.springframework.boot.test.context.SpringBootTestArgs@1, org.springframework.boot.test.context.SpringBootTestWebEnvironment@4313f5bc], resourceBasePath = 'src/main/webapp', contextLoader = 'org.springframework.boot.test.context.SpringBootContextLoader', parent = [null]], attributes = map['org.springframework.test.context.web.ServletTestExecutionListener.activateListener' -> true, 'org.springframework.test.context.web.ServletTestExecutionListener.populatedRequestContextHolder' -> true, 'org.springframework.test.context.web.ServletTestExecutionListener.resetRequestContextHolder' -> true, 'org.springframework.test.context.event.ApplicationEventsTestExecutionListener.recordApplicationEvents' -> false]]; transaction manager [org.springframework.orm.jpa.JpaTransactionManager@7d0312a]; rollback [true]
Hibernate: insert into currency (id, chinese_name, code) values (default, ?, ?)
2025-04-17 17:35:45.960  WARN 12439 --- [           main] o.h.engine.jdbc.spi.SqlExceptionHelper   : SQL Error: 23505, SQLState: 23505
2025-04-17 17:35:45.960 ERROR 12439 --- [           main] o.h.engine.jdbc.spi.SqlExceptionHelper   : Unique index or primary key violation: "PUBLIC.CONSTRAINT_INDEX_5 ON PUBLIC.CURRENCY(CODE NULLS FIRST) VALUES ( /* 1 */ 'USD' )"; SQL statement:
insert into currency (id, chinese_name, code) values (default, ?, ?) [23505-214]
2025-04-17 17:35:45.961  INFO 12439 --- [           main] o.s.t.c.transaction.TransactionContext   : Rolled back transaction for test: [DefaultTestContext@1ec98548 testClass = CoindeskControllerTest.TransformedDataTests, testInstance = com.example.coindesk.controller.CoindeskControllerTest$TransformedDataTests@14927cd4, testMethod = testGetTransformedData@CoindeskControllerTest.TransformedDataTests, testException = org.springframework.dao.DataIntegrityViolationException: could not execute statement; SQL [n/a]; constraint ["PUBLIC.CONSTRAINT_INDEX_5 ON PUBLIC.CURRENCY(CODE NULLS FIRST) VALUES ( /* 1 */ 'USD' )"; SQL statement:
insert into currency (id, chinese_name, code) values (default, ?, ?) [23505-214]]; nested exception is org.hibernate.exception.ConstraintViolationException: could not execute statement, mergedContextConfiguration = [WebMergedContextConfiguration@5a106b26 testClass = CoindeskControllerTest.TransformedDataTests, locations = '{}', classes = '{class com.example.coindesk.CoindeskApplication}', contextInitializerClasses = '[]', activeProfiles = '{}', propertySourceLocations = '{}', propertySourceProperties = '{org.springframework.boot.test.context.SpringBootTestContextBootstrapper=true}', contextCustomizers = set[[ImportsContextCustomizer@445d878c key = [org.springframework.boot.test.autoconfigure.web.servlet.MockMvcWebDriverAutoConfiguration, org.springframework.boot.test.autoconfigure.web.servlet.MockMvcAutoConfiguration, org.springframework.boot.autoconfigure.security.oauth2.client.servlet.OAuth2ClientAutoConfiguration, org.springframework.boot.autoconfigure.security.servlet.SecurityAutoConfiguration, org.springframework.boot.autoconfigure.security.servlet.SecurityFilterAutoConfiguration, org.springframework.boot.autoconfigure.security.servlet.UserDetailsServiceAutoConfiguration, org.springframework.boot.autoconfigure.security.oauth2.resource.servlet.OAuth2ResourceServerAutoConfiguration, org.springframework.boot.test.autoconfigure.web.servlet.MockMvcSecurityConfiguration, org.springframework.boot.test.autoconfigure.web.servlet.MockMvcWebClientAutoConfiguration, org.springframework.boot.test.autoconfigure.web.reactive.WebTestClientAutoConfiguration]], org.springframework.boot.test.context.filter.ExcludeFilterContextCustomizer@6986852, org.springframework.boot.test.json.DuplicateJsonObjectContextCustomizerFactory$DuplicateJsonObjectContextCustomizer@6c61a903, org.springframework.boot.test.mock.mockito.MockitoContextCustomizer@0, org.springframework.boot.test.web.client.TestRestTemplateContextCustomizer@5b3f61ff, org.springframework.boot.test.autoconfigure.actuate.metrics.MetricsExportContextCustomizerFactory$DisableMetricExportContextCustomizer@46271dd6, org.springframework.boot.test.autoconfigure.properties.PropertyMappingContextCustomizer@4b3fa0b3, org.springframework.boot.test.autoconfigure.web.servlet.WebDriverContextCustomizerFactory$Customizer@6cdba6dc, org.springframework.boot.test.context.SpringBootTestArgs@1, org.springframework.boot.test.context.SpringBootTestWebEnvironment@4313f5bc], resourceBasePath = 'src/main/webapp', contextLoader = 'org.springframework.boot.test.context.SpringBootContextLoader', parent = [null]], attributes = map['org.springframework.test.context.web.ServletTestExecutionListener.activateListener' -> true, 'org.springframework.test.context.web.ServletTestExecutionListener.populatedRequestContextHolder' -> true, 'org.springframework.test.context.web.ServletTestExecutionListener.resetRequestContextHolder' -> true, 'org.springframework.test.context.event.ApplicationEventsTestExecutionListener.recordApplicationEvents' -> false]]
]]></system-out>
  </testcase>
  <testcase name="testGetOriginalCoindeskData" classname="com.example.coindesk.controller.CoindeskControllerTest$OriginalApiTests" time="0.003">
    <error message="could not execute statement; SQL [n/a]; constraint [&quot;PUBLIC.CONSTRAINT_INDEX_5 ON PUBLIC.CURRENCY(CODE NULLS FIRST) VALUES ( /* 1 */ &apos;USD&apos; )&quot;; SQL statement:&#10;insert into currency (id, chinese_name, code) values (default, ?, ?) [23505-214]]; nested exception is org.hibernate.exception.ConstraintViolationException: could not execute statement" type="org.springframework.dao.DataIntegrityViolationException">org.springframework.dao.DataIntegrityViolationException: 
could not execute statement; SQL [n/a]; constraint ["PUBLIC.CONSTRAINT_INDEX_5 ON PUBLIC.CURRENCY(CODE NULLS FIRST) VALUES ( /* 1 */ 'USD' )"; SQL statement:
insert into currency (id, chinese_name, code) values (default, ?, ?) [23505-214]]; nested exception is org.hibernate.exception.ConstraintViolationException: could not execute statement
Caused by: org.hibernate.exception.ConstraintViolationException: could not execute statement
Caused by: org.h2.jdbc.JdbcSQLIntegrityConstraintViolationException: 
Unique index or primary key violation: "PUBLIC.CONSTRAINT_INDEX_5 ON PUBLIC.CURRENCY(CODE NULLS FIRST) VALUES ( /* 1 */ 'USD' )"; SQL statement:
insert into currency (id, chinese_name, code) values (default, ?, ?) [23505-214]
</error>
    <system-out><![CDATA[2025-04-17 17:35:45.962  INFO 12439 --- [           main] .b.t.c.SpringBootTestContextBootstrapper : Neither @ContextConfiguration nor @ContextHierarchy found for test class [com.example.coindesk.controller.CoindeskControllerTest$OriginalApiTests], using SpringBootContextLoader
2025-04-17 17:35:45.963  INFO 12439 --- [           main] o.s.t.c.support.AbstractContextLoader    : Could not detect default resource locations for test class [com.example.coindesk.controller.CoindeskControllerTest$OriginalApiTests]: no resource found for suffixes {-context.xml, Context.groovy}.
2025-04-17 17:35:45.963  INFO 12439 --- [           main] t.c.s.AnnotationConfigContextLoaderUtils : Could not detect default configuration classes for test class [com.example.coindesk.controller.CoindeskControllerTest$OriginalApiTests]: OriginalApiTests does not declare any static, non-private, non-final, nested classes annotated with @Configuration.
2025-04-17 17:35:45.965  INFO 12439 --- [           main] .b.t.c.SpringBootTestContextBootstrapper : Found @SpringBootConfiguration com.example.coindesk.CoindeskApplication for test class com.example.coindesk.controller.CoindeskControllerTest$OriginalApiTests
2025-04-17 17:35:45.966  INFO 12439 --- [           main] .b.t.c.SpringBootTestContextBootstrapper : Loaded default TestExecutionListener class names from location [META-INF/spring.factories]: [org.springframework.boot.test.mock.mockito.MockitoTestExecutionListener, org.springframework.boot.test.mock.mockito.ResetMocksTestExecutionListener, org.springframework.boot.test.autoconfigure.restdocs.RestDocsTestExecutionListener, org.springframework.boot.test.autoconfigure.web.client.MockRestServiceServerResetTestExecutionListener, org.springframework.boot.test.autoconfigure.web.servlet.MockMvcPrintOnlyOnFailureTestExecutionListener, org.springframework.boot.test.autoconfigure.web.servlet.WebDriverTestExecutionListener, org.springframework.boot.test.autoconfigure.webservices.client.MockWebServiceServerTestExecutionListener, org.springframework.test.context.web.ServletTestExecutionListener, org.springframework.test.context.support.DirtiesContextBeforeModesTestExecutionListener, org.springframework.test.context.event.ApplicationEventsTestExecutionListener, org.springframework.test.context.support.DependencyInjectionTestExecutionListener, org.springframework.test.context.support.DirtiesContextTestExecutionListener, org.springframework.test.context.transaction.TransactionalTestExecutionListener, org.springframework.test.context.jdbc.SqlScriptsTestExecutionListener, org.springframework.test.context.event.EventPublishingTestExecutionListener]
2025-04-17 17:35:45.966  INFO 12439 --- [           main] .b.t.c.SpringBootTestContextBootstrapper : Using TestExecutionListeners: [org.springframework.test.context.web.ServletTestExecutionListener@23ee31b8, org.springframework.test.context.support.DirtiesContextBeforeModesTestExecutionListener@5fc42998, org.springframework.test.context.event.ApplicationEventsTestExecutionListener@16422f27, org.springframework.boot.test.mock.mockito.MockitoTestExecutionListener@5dfb65d5, org.springframework.boot.test.autoconfigure.SpringBootDependencyInjectionTestExecutionListener@f4aec23, org.springframework.test.context.support.DirtiesContextTestExecutionListener@713c8cbb, org.springframework.test.context.transaction.TransactionalTestExecutionListener@7680beac, org.springframework.test.context.jdbc.SqlScriptsTestExecutionListener@7053a864, org.springframework.test.context.event.EventPublishingTestExecutionListener@282079b9, org.springframework.boot.test.mock.mockito.ResetMocksTestExecutionListener@3d6c7152, org.springframework.boot.test.autoconfigure.restdocs.RestDocsTestExecutionListener@4e6add8d, org.springframework.boot.test.autoconfigure.web.client.MockRestServiceServerResetTestExecutionListener@23974cac, org.springframework.boot.test.autoconfigure.web.servlet.MockMvcPrintOnlyOnFailureTestExecutionListener@85104d6, org.springframework.boot.test.autoconfigure.web.servlet.WebDriverTestExecutionListener@56e9126f, org.springframework.boot.test.autoconfigure.webservices.client.MockWebServiceServerTestExecutionListener@4e773b8a]
2025-04-17 17:35:45.967  INFO 12439 --- [           main] o.s.t.c.transaction.TransactionContext   : Began transaction (1) for test context [DefaultTestContext@579cfcc4 testClass = CoindeskControllerTest.OriginalApiTests, testInstance = com.example.coindesk.controller.CoindeskControllerTest$OriginalApiTests@57eb2555, testMethod = testGetOriginalCoindeskData@CoindeskControllerTest.OriginalApiTests, testException = [null], mergedContextConfiguration = [WebMergedContextConfiguration@490f2fad testClass = CoindeskControllerTest.OriginalApiTests, locations = '{}', classes = '{class com.example.coindesk.CoindeskApplication}', contextInitializerClasses = '[]', activeProfiles = '{}', propertySourceLocations = '{}', propertySourceProperties = '{org.springframework.boot.test.context.SpringBootTestContextBootstrapper=true}', contextCustomizers = set[[ImportsContextCustomizer@3ed3e66d key = [org.springframework.boot.test.autoconfigure.web.servlet.MockMvcWebDriverAutoConfiguration, org.springframework.boot.test.autoconfigure.web.servlet.MockMvcAutoConfiguration, org.springframework.boot.autoconfigure.security.oauth2.client.servlet.OAuth2ClientAutoConfiguration, org.springframework.boot.autoconfigure.security.servlet.SecurityAutoConfiguration, org.springframework.boot.autoconfigure.security.servlet.SecurityFilterAutoConfiguration, org.springframework.boot.autoconfigure.security.servlet.UserDetailsServiceAutoConfiguration, org.springframework.boot.autoconfigure.security.oauth2.resource.servlet.OAuth2ResourceServerAutoConfiguration, org.springframework.boot.test.autoconfigure.web.servlet.MockMvcSecurityConfiguration, org.springframework.boot.test.autoconfigure.web.servlet.MockMvcWebClientAutoConfiguration, org.springframework.boot.test.autoconfigure.web.reactive.WebTestClientAutoConfiguration]], org.springframework.boot.test.context.filter.ExcludeFilterContextCustomizer@6986852, org.springframework.boot.test.json.DuplicateJsonObjectContextCustomizerFactory$DuplicateJsonObjectContextCustomizer@6c61a903, org.springframework.boot.test.mock.mockito.MockitoContextCustomizer@0, org.springframework.boot.test.web.client.TestRestTemplateContextCustomizer@5b3f61ff, org.springframework.boot.test.autoconfigure.actuate.metrics.MetricsExportContextCustomizerFactory$DisableMetricExportContextCustomizer@46271dd6, org.springframework.boot.test.autoconfigure.properties.PropertyMappingContextCustomizer@4b3fa0b3, org.springframework.boot.test.autoconfigure.web.servlet.WebDriverContextCustomizerFactory$Customizer@6cdba6dc, org.springframework.boot.test.context.SpringBootTestArgs@1, org.springframework.boot.test.context.SpringBootTestWebEnvironment@4313f5bc], resourceBasePath = 'src/main/webapp', contextLoader = 'org.springframework.boot.test.context.SpringBootContextLoader', parent = [null]], attributes = map['org.springframework.test.context.web.ServletTestExecutionListener.activateListener' -> true, 'org.springframework.test.context.web.ServletTestExecutionListener.populatedRequestContextHolder' -> true, 'org.springframework.test.context.web.ServletTestExecutionListener.resetRequestContextHolder' -> true, 'org.springframework.test.context.event.ApplicationEventsTestExecutionListener.recordApplicationEvents' -> false]]; transaction manager [org.springframework.orm.jpa.JpaTransactionManager@7d0312a]; rollback [true]
Hibernate: insert into currency (id, chinese_name, code) values (default, ?, ?)
2025-04-17 17:35:45.968  WARN 12439 --- [           main] o.h.engine.jdbc.spi.SqlExceptionHelper   : SQL Error: 23505, SQLState: 23505
2025-04-17 17:35:45.968 ERROR 12439 --- [           main] o.h.engine.jdbc.spi.SqlExceptionHelper   : Unique index or primary key violation: "PUBLIC.CONSTRAINT_INDEX_5 ON PUBLIC.CURRENCY(CODE NULLS FIRST) VALUES ( /* 1 */ 'USD' )"; SQL statement:
insert into currency (id, chinese_name, code) values (default, ?, ?) [23505-214]
2025-04-17 17:35:45.969  INFO 12439 --- [           main] o.s.t.c.transaction.TransactionContext   : Rolled back transaction for test: [DefaultTestContext@579cfcc4 testClass = CoindeskControllerTest.OriginalApiTests, testInstance = com.example.coindesk.controller.CoindeskControllerTest$OriginalApiTests@57eb2555, testMethod = testGetOriginalCoindeskData@CoindeskControllerTest.OriginalApiTests, testException = org.springframework.dao.DataIntegrityViolationException: could not execute statement; SQL [n/a]; constraint ["PUBLIC.CONSTRAINT_INDEX_5 ON PUBLIC.CURRENCY(CODE NULLS FIRST) VALUES ( /* 1 */ 'USD' )"; SQL statement:
insert into currency (id, chinese_name, code) values (default, ?, ?) [23505-214]]; nested exception is org.hibernate.exception.ConstraintViolationException: could not execute statement, mergedContextConfiguration = [WebMergedContextConfiguration@490f2fad testClass = CoindeskControllerTest.OriginalApiTests, locations = '{}', classes = '{class com.example.coindesk.CoindeskApplication}', contextInitializerClasses = '[]', activeProfiles = '{}', propertySourceLocations = '{}', propertySourceProperties = '{org.springframework.boot.test.context.SpringBootTestContextBootstrapper=true}', contextCustomizers = set[[ImportsContextCustomizer@3ed3e66d key = [org.springframework.boot.test.autoconfigure.web.servlet.MockMvcWebDriverAutoConfiguration, org.springframework.boot.test.autoconfigure.web.servlet.MockMvcAutoConfiguration, org.springframework.boot.autoconfigure.security.oauth2.client.servlet.OAuth2ClientAutoConfiguration, org.springframework.boot.autoconfigure.security.servlet.SecurityAutoConfiguration, org.springframework.boot.autoconfigure.security.servlet.SecurityFilterAutoConfiguration, org.springframework.boot.autoconfigure.security.servlet.UserDetailsServiceAutoConfiguration, org.springframework.boot.autoconfigure.security.oauth2.resource.servlet.OAuth2ResourceServerAutoConfiguration, org.springframework.boot.test.autoconfigure.web.servlet.MockMvcSecurityConfiguration, org.springframework.boot.test.autoconfigure.web.servlet.MockMvcWebClientAutoConfiguration, org.springframework.boot.test.autoconfigure.web.reactive.WebTestClientAutoConfiguration]], org.springframework.boot.test.context.filter.ExcludeFilterContextCustomizer@6986852, org.springframework.boot.test.json.DuplicateJsonObjectContextCustomizerFactory$DuplicateJsonObjectContextCustomizer@6c61a903, org.springframework.boot.test.mock.mockito.MockitoContextCustomizer@0, org.springframework.boot.test.web.client.TestRestTemplateContextCustomizer@5b3f61ff, org.springframework.boot.test.autoconfigure.actuate.metrics.MetricsExportContextCustomizerFactory$DisableMetricExportContextCustomizer@46271dd6, org.springframework.boot.test.autoconfigure.properties.PropertyMappingContextCustomizer@4b3fa0b3, org.springframework.boot.test.autoconfigure.web.servlet.WebDriverContextCustomizerFactory$Customizer@6cdba6dc, org.springframework.boot.test.context.SpringBootTestArgs@1, org.springframework.boot.test.context.SpringBootTestWebEnvironment@4313f5bc], resourceBasePath = 'src/main/webapp', contextLoader = 'org.springframework.boot.test.context.SpringBootContextLoader', parent = [null]], attributes = map['org.springframework.test.context.web.ServletTestExecutionListener.activateListener' -> true, 'org.springframework.test.context.web.ServletTestExecutionListener.populatedRequestContextHolder' -> true, 'org.springframework.test.context.web.ServletTestExecutionListener.resetRequestContextHolder' -> true, 'org.springframework.test.context.event.ApplicationEventsTestExecutionListener.recordApplicationEvents' -> false]]
]]></system-out>
  </testcase>
</testsuite>